<?xml version="1.0" encoding="UTF-8"?>
<coverage generated="1728520213037" clover="3.2.0">
  <project timestamp="1728520213037" name="All files">
    <metrics statements="12" coveredstatements="11" conditionals="4" coveredconditionals="3" methods="3" coveredmethods="2" elements="19" coveredelements="16" complexity="0" loc="12" ncloc="12" packages="1" files="2" classes="2"/>
    <file name="calculo.js" path="C:\Users\Sergio\Documents\Projeto Integrador\aula02\src\calculo.js">
      <metrics statements="11" coveredstatements="11" conditionals="3" coveredconditionals="3" methods="2" coveredmethods="2"/>
      <line num="1" count="1" type="cond" truecount="1" falsecount="0"/>
      <line num="2" count="2" type="stmt"/>
      <line num="3" count="2" type="stmt"/>
      <line num="4" count="1" type="stmt"/>
      <line num="5" count="1" type="cond" truecount="1" falsecount="0"/>
      <line num="6" count="2" type="cond" truecount="1" falsecount="0"/>
      <line num="7" count="1" type="stmt"/>
      <line num="8" count="1" type="stmt"/>
      <line num="9" count="1" type="stmt"/>
      <line num="10" count="1" type="stmt"/>
      <line num="11" count="1" type="stmt"/>
    </file>
    <file name="index.js" path="C:\Users\Sergio\Documents\Projeto Integrador\aula02\src\index.js">
      <metrics statements="1" coveredstatements="0" conditionals="1" coveredconditionals="0" methods="1" coveredmethods="0"/>
      <line num="1" count="0" type="cond" truecount="0" falsecount="1"/>
    </file>
  </project>
</coverage>
